<?xml version="1.0" encoding="UTF-8"?>
<!-- Generated by org.testng.reporters.JUnitXMLReporter -->
<testsuite ignored="0" hostname="GovindMaddala" failures="0" tests="8" name="B-Index" time="22.354" errors="0" timestamp="2022-05-23T13:07:08 IST">
  <testcase classname="com.ParaBank.testScripts.IndexPageTest" name="AboutIconTest" time="0.322"/>
  <testcase classname="com.ParaBank.testScripts.IndexPageTest" name="CaptionTest" time="0.051"/>
  <testcase classname="com.ParaBank.testScripts.IndexPageTest" name="ContactIconTest" time="0.069"/>
  <testcase classname="com.ParaBank.testScripts.IndexPageTest" name="ForgotTest" time="1.324"/>
  <testcase classname="com.ParaBank.testScripts.IndexPageTest" name="HomeIcon" time="0.092"/>
  <testcase classname="com.ParaBank.testScripts.IndexPageTest" name="LoginTest" time="3.281"/>
  <testcase classname="com.ParaBank.testScripts.IndexPageTest" name="LogoIconTest" time="0.066"/>
  <testcase classname="com.ParaBank.testScripts.IndexPageTest" name="RegisterTest" time="0.943"/>
</testsuite> <!-- B-Index -->
