<?xml version="1.0" encoding="UTF-8"?>
<!-- Generated by org.testng.reporters.JUnitXMLReporter -->
<testsuite ignored="0" hostname="GovindMaddala" failures="0" tests="7" name="C-HomePage" time="13.11" errors="0" timestamp="2022-05-23T13:07:21 IST">
  <testcase classname="com.ParaBank.testScripts.HomePageTest" name="BillsLinkStatusTest" time="0.056"/>
  <testcase classname="com.ParaBank.testScripts.HomePageTest" name="FindTranLinkStatusTest" time="0.045"/>
  <testcase classname="com.ParaBank.testScripts.HomePageTest" name="LoanLinkStatusTest" time="0.039"/>
  <testcase classname="com.ParaBank.testScripts.HomePageTest" name="LogoutLinkStatusTest" time="0.066"/>
  <testcase classname="com.ParaBank.testScripts.HomePageTest" name="NewAccountLinkStatusTest" time="0.057"/>
  <testcase classname="com.ParaBank.testScripts.HomePageTest" name="OverViewLinkStatusTest" time="0.05"/>
  <testcase classname="com.ParaBank.testScripts.HomePageTest" name="TransferFundsLinkStatusTest" time="0.034"/>
</testsuite> <!-- C-HomePage -->
