<?xml version="1.0" encoding="UTF-8"?>
<!-- Generated by org.testng.reporters.JUnitXMLReporter -->
<testsuite ignored="0" hostname="GovindMaddala" failures="1" tests="1" name="D-Forget" time="12.184" errors="0" timestamp="2022-05-23T13:07:33 IST">
  <testcase classname="com.ParaBank.testScripts.ForgetPageTest" name="RetrieveLoginInfo" time="3.035">
    <failure type="java.lang.AssertionError">
      <![CDATA[java.lang.AssertionError
at org.junit.Assert.fail(Assert.java:86)
at org.junit.Assert.assertTrue(Assert.java:41)
at org.junit.Assert.assertFalse(Assert.java:64)
at org.junit.Assert.assertFalse(Assert.java:74)
at com.ParaBank.testScripts.ForgetPageTest.RetrieveLoginInfo(ForgetPageTest.java:45)
at java.base/java.util.ArrayList.forEach(ArrayList.java:1511)
... Removed 27 stack frames]]>
    </failure>
  </testcase> <!-- RetrieveLoginInfo -->
</testsuite> <!-- D-Forget -->
