<?xml version="1.0" encoding="UTF-8"?>
<!-- Generated by org.testng.reporters.JUnitXMLReporter -->
<testsuite ignored="0" hostname="GovindMaddala" failures="0" tests="7" name="HomePage" time="16.881" errors="0" timestamp="2022-05-24T10:59:00 IST">
  <testcase classname="com.ParaBank.testScripts.HomePageTest" name="BillsLinkStatusTest" time="0.059"/>
  <testcase classname="com.ParaBank.testScripts.HomePageTest" name="FindTranLinkStatusTest" time="0.05"/>
  <testcase classname="com.ParaBank.testScripts.HomePageTest" name="LoanLinkStatusTest" time="0.16"/>
  <testcase classname="com.ParaBank.testScripts.HomePageTest" name="LogoutLinkStatusTest" time="0.072"/>
  <testcase classname="com.ParaBank.testScripts.HomePageTest" name="NewAccountLinkStatusTest" time="0.08"/>
  <testcase classname="com.ParaBank.testScripts.HomePageTest" name="OverViewLinkStatusTest" time="0.084"/>
  <testcase classname="com.ParaBank.testScripts.HomePageTest" name="TransferFundsLinkStatusTest" time="0.037"/>
</testsuite> <!-- HomePage -->
