<?xml version="1.0" encoding="UTF-8"?>
<!-- Generated by org.testng.reporters.JUnitXMLReporter -->
<testsuite ignored="0" hostname="GovindMaddala" failures="0" tests="8" name="Index" time="21.157" errors="0" timestamp="2022-05-24T10:58:43 IST">
  <testcase classname="com.ParaBank.testScripts.IndexPageTest" name="AboutIconTest" time="0.466"/>
  <testcase classname="com.ParaBank.testScripts.IndexPageTest" name="CaptionTest" time="0.104"/>
  <testcase classname="com.ParaBank.testScripts.IndexPageTest" name="ContactIconTest" time="0.082"/>
  <testcase classname="com.ParaBank.testScripts.IndexPageTest" name="ForgotTest" time="1.1"/>
  <testcase classname="com.ParaBank.testScripts.IndexPageTest" name="HomeIconTest" time="0.074"/>
  <testcase classname="com.ParaBank.testScripts.IndexPageTest" name="LoginTest" time="4.113"/>
  <testcase classname="com.ParaBank.testScripts.IndexPageTest" name="LogoIconTest" time="0.113"/>
  <testcase classname="com.ParaBank.testScripts.IndexPageTest" name="RegisterTest" time="0.883"/>
</testsuite> <!-- Index -->
